<?xml version="1.0" encoding="utf-8"?><testsuites name="pytest tests"><testsuite name="pytest" errors="0" failures="0" skipped="0" tests="525" time="12.631" timestamp="2026-07-29T21:47:17.608295+08:00" hostname="DESKTOP-QN39H0S"><testcase classname="test_failed_site_validator.FailureSiteValidatorTests" name="test_210_requested_cases_each_have_a_fixed_validation_strategy" time="0.001" /><testcase classname="test_new_site_onboarding" name="test_qingyunzi_user_history_uses_latest_record_boundary" time="0.003" /><testcase classname="test_new_site_onboarding" name="test_qingyunzi_parser_rejects_unrelated_column" time="0.001" /><testcase classname="test_new_site_onboarding" name="test_qingyunzi_is_registered_as_existing_bottom_site" time="0.002" /><testcase classname="test_new_site_onboarding" name="test_fulushou_user_history_uses_latest_exact_user_post_only" time="0.001" /><testcase classname="test_new_site_onboarding" name="test_fulushou_user_history_rejects_wrong_nickname" time="0.000" /><testcase classname="test_new_site_onboarding" name="test_fulushou_is_registered_as_existing_bottom_site" time="0.001" /><testcase classname="test_new_site_onboarding" name="test_xingyun_tema_user_history_parser_keeps_structured_record_boundaries" time="0.001" /><testcase classname="test_new_site_onboarding" name="test_xingyun_tema_parser_uses_api_draw_over_malformed_title" time="0.001" /><testcase classname="test_new_site_onboarding" name="test_xingyun_tema_parser_preserves_same_period_conflict" time="0.003" /><testcase classname="test_new_site_onboarding" name="test_xingyun_tema_numeric_title_is_validated_against_record_draw" time="0.001" /><testcase classname="test_new_site_onboarding" name="test_lianzhong_huangyan_uses_newest_post_boundary_for_207" time="0.002" /><testcase classname="test_new_site_onboarding" name="test_qiaofeifei_uses_newest_post_boundary_for_207" time="0.001" /><testcase classname="test_new_site_onboarding" name="test_zhongge_a_uses_latest_same_draw_post_revision" time="0.001" /><testcase classname="test_new_site_onboarding" name="test_zhongge_a_rejects_conflict_inside_selected_post" time="0.001" /><testcase classname="test_new_site_onboarding" name="test_qvuu_user_specs_validate_source_period_without_qi_suffix" time="0.001" /><testcase classname="test_new_site_onboarding" name="test_xingyun_tema_is_registered_as_a_new_bottom_site" time="0.002" /><testcase classname="test_new_site_onboarding" name="test_three_qvuu_sites_are_registered_as_new_bottom_sites" time="0.002" /><testcase classname="test_new_site_onboarding" name="test_user_history_site_specs_require_exact_nickname" time="0.000" /><testcase classname="test_new_site_onboarding" name="test_xinzhu_forum_parser_binds_period_tab_to_left_target_column" time="0.002" /><testcase classname="test_new_site_onboarding" name="test_xinzhu_forum_parser_keeps_raw_html_when_unrelated_encoded_payload_exists" time="0.001" /><testcase classname="test_new_site_onboarding" name="test_xinzhu_forum_parser_rejects_same_period_conflict_inside_target_block" time="0.001" /><testcase classname="test_new_site_onboarding" name="test_xinzhu_forum_site_uses_left_pick_without_top_bottom_window" time="0.001" /><testcase classname="test_new_site_onboarding" name="test_xinzhu_forum_is_registered_as_a_new_site" time="0.002" /><testcase classname="test_new_site_onboarding" name="test_chourulaiying_parser_isolates_named_record_block" time="0.002" /><testcase classname="test_new_site_onboarding" name="test_hunrantiancheng_parser_keeps_author_block_for_207" time="0.001" /><testcase classname="test_new_site_onboarding" name="test_yuanwenqixiang_parser_ignores_old_embedded_document" time="0.003" /><testcase classname="test_new_site_onboarding" name="test_repaired_207_sites_are_registered_as_dedicated_parsers" time="0.000" /><testcase classname="test_new_site_onboarding" name="test_first_source_group_rejects_later_same_period_document" time="0.001" /><testcase classname="test_new_site_onboarding" name="test_dynamic_article_parser_keeps_record_name_boundary" time="0.001" /><testcase classname="test_new_site_onboarding" name="test_new_dynamic_article_site_uses_exact_record_name_boundary" time="0.001" /><testcase classname="test_new_site_onboarding" name="test_chuimaoqiu_bottom_parser_uses_visible_tail_record_run" time="0.001" /><testcase classname="test_new_site_onboarding" name="test_invalid_dynamic_cache_baseline_does_not_abort_other_duplicate_checks" time="0.000" /><testcase classname="test_new_site_onboarding" name="test_cached_duplicate_matches_excludes_the_candidate_itself" time="0.000" /><testcase classname="test_new_site_onboarding" name="test_second_round_sites_have_dedicated_scoped_rules" time="0.003" /><testcase classname="test_new_site_onboarding" name="test_named_block_parser_rejects_later_old_same_name_block" time="0.001" /><testcase classname="test_new_site_onboarding" name="test_named_block_parser_keeps_same_period_conflict" time="0.001" /><testcase classname="test_new_site_onboarding" name="test_new_dynamic_manager_rules_reject_other_record_names" time="0.001" /><testcase classname="test_new_site_onboarding" name="test_new_bbs_rules_stay_inside_named_author_block" time="0.001" /><testcase classname="test_new_site_onboarding" name="test_40783e_bottom_uses_current_cycle_after_annual_reset" time="0.001" /><testcase classname="test_new_site_onboarding" name="test_40783e_top_uses_first_current_cycle_and_rejects_wrong_title" time="0.001" /><testcase classname="test_new_site_onboarding" name="test_third_round_sites_have_scoped_parsers_before_config_write" time="0.000" /><testcase classname="test_zodiac_site_scraper.SiteSpecificCandidateTests" name="test_191_dynamic_article_formats_are_locked_to_configured_name" time="0.028" /><testcase classname="test_zodiac_site_scraper.SiteSpecificCandidateTests" name="test_191_real_site_specific_format_regressions" time="0.009" /><testcase classname="test_zodiac_site_scraper.SiteSpecificCandidateTests" name="test_197_repaired_article_sites_have_strict_specs" time="0.000" /><testcase classname="test_zodiac_site_scraper.SiteSpecificCandidateTests" name="test_197_strict_author_does_not_cross_different_title_format" time="0.001" /><testcase classname="test_zodiac_site_scraper.SiteSpecificCandidateTests" name="test_197_strict_author_does_not_cross_into_next_article" time="0.001" /><testcase classname="test_zodiac_site_scraper.SiteSpecificCandidateTests" name="test_197_strict_author_parser_rejects_wrong_author" time="0.000" /><testcase classname="test_zodiac_site_scraper.SiteSpecificCandidateTests" name="test_197_strict_parser_does_not_select_later_old_article_for_target_period" time="0.001" /><testcase classname="test_zodiac_site_scraper.SiteSpecificCandidateTests" name="test_197_strict_parser_stops_at_other_named_article" time="0.001" /><testcase classname="test_zodiac_site_scraper.SiteSpecificCandidateTests" name="test_197_strict_parser_uses_current_cycles_and_named_directory" time="0.002" /><testcase classname="test_zodiac_site_scraper.SiteSpecificCandidateTests" name="test_198_bottom_parser_selects_current_cycle_after_stale_future_cycle" time="0.001" /><testcase classname="test_zodiac_site_scraper.SiteSpecificCandidateTests" name="test_198_snow_parser_does_not_accept_base64_only_body" time="0.000" /><testcase classname="test_zodiac_site_scraper.SiteSpecificCandidateTests" name="test_198_strict_article_repairs_keep_title_domain_and_raw_base64_boundaries" time="0.001" /><testcase classname="test_zodiac_site_scraper.SiteSpecificCandidateTests" name="test_198_strict_article_repairs_reject_suffix_spoofed_title_and_author" time="0.001" /><testcase classname="test_zodiac_site_scraper.SiteSpecificCandidateTests" name="test_198_strict_article_repairs_reject_unknown_title_domain_suffix" time="0.000" /><testcase classname="test_zodiac_site_scraper.SiteSpecificCandidateTests" name="test_198_xixi_parser_rejects_title_author_and_record_split_across_payloads" time="0.000" /><testcase classname="test_zodiac_site_scraper.SiteSpecificCandidateTests" name="test_199_b_domain_sites_do_not_render_when_raw_dedicated_parser_matches" time="0.001" /><testcase classname="test_zodiac_site_scraper.SiteSpecificCandidateTests" name="test_199_dedicated_article_parsers_bind_verified_blocks" time="0.002" /><testcase classname="test_zodiac_site_scraper.SiteSpecificCandidateTests" name="test_199_free_and_easy_does_not_take_stale_period_from_later_cycle" time="0.001" /><testcase classname="test_zodiac_site_scraper.SiteSpecificCandidateTests" name="test_199_render_fallback_only_runs_when_exact_dedicated_parser_misses" time="0.001" /><testcase classname="test_zodiac_site_scraper.SiteSpecificCandidateTests" name="test_206_named_topic_repairs_require_the_exact_title_author_block" time="0.001" /><testcase classname="test_zodiac_site_scraper.SiteSpecificCandidateTests" name="test_210_changed_author_suffixes_stay_in_their_exact_title_author_blocks" time="0.002" /><testcase classname="test_zodiac_site_scraper.SiteSpecificCandidateTests" name="test_admin_aggregate_api_selects_only_the_url_article_id" time="0.003" /><testcase classname="test_zodiac_site_scraper.SiteSpecificCandidateTests" name="test_admin_alternate_api_failure_verifies_page_with_browser_after_primary_404" time="0.001" /><testcase classname="test_zodiac_site_scraper.SiteSpecificCandidateTests" name="test_admin_api_accepts_current_title_with_historical_record" time="0.000" /><testcase classname="test_zodiac_site_scraper.SiteSpecificCandidateTests" name="test_admin_api_fields_keep_separate_document_boundaries" time="0.001" /><testcase classname="test_zodiac_site_scraper.SiteSpecificCandidateTests" name="test_admin_api_http_200_non_json_shell_uses_browser_fallback" time="0.001" /><testcase classname="test_zodiac_site_scraper.SiteSpecificCandidateTests" name="test_admin_api_keeps_title_and_body_of_one_article_together" time="0.001" /><testcase classname="test_zodiac_site_scraper.SiteSpecificCandidateTests" name="test_admin_api_rejects_conflicting_author_fields" time="0.000" /><testcase classname="test_zodiac_site_scraper.SiteSpecificCandidateTests" name="test_admin_api_rejects_conflicting_id_fields_in_the_same_record" time="0.000" /><testcase classname="test_zodiac_site_scraper.SiteSpecificCandidateTests" name="test_admin_api_rejects_duplicate_url_article_ids" time="0.000" /><testcase classname="test_zodiac_site_scraper.SiteSpecificCandidateTests" name="test_admin_api_rejects_json_without_the_url_article_id" time="0.000" /><testcase classname="test_zodiac_site_scraper.SiteSpecificCandidateTests" name="test_admin_api_rejects_target_record_with_wrong_author" time="0.001" /><testcase classname="test_zodiac_site_scraper.SiteSpecificCandidateTests" name="test_admin_api_rejects_wrong_title_column" time="0.000" /><testcase classname="test_zodiac_site_scraper.SiteSpecificCandidateTests" name="test_admin_article_403_does_not_render" time="0.000" /><testcase classname="test_zodiac_site_scraper.SiteSpecificCandidateTests" name="test_admin_article_404_renders_when_raw_page_is_shell" time="0.000" /><testcase classname="test_zodiac_site_scraper.SiteSpecificCandidateTests" name="test_admin_article_404_renders_when_raw_page_lacks_zodiac" time="0.001" /><testcase classname="test_zodiac_site_scraper.SiteSpecificCandidateTests" name="test_admin_article_404_verifies_raw_page_through_browser_payload" time="0.001" /><testcase classname="test_zodiac_site_scraper.SiteSpecificCandidateTests" name="test_admin_article_render_wait_script_locks_target_period" time="0.000" /><testcase classname="test_zodiac_site_scraper.SiteSpecificCandidateTests" name="test_admin_article_source_target_content_requires_zodiac" time="0.001" /><testcase classname="test_zodiac_site_scraper.SiteSpecificCandidateTests" name="test_admin_article_uses_api_first_without_rendering" time="0.001" /><testcase classname="test_zodiac_site_scraper.SiteSpecificCandidateTests" name="test_admin_target_record_accepts_cross_line_zodiac_inside_same_body" time="0.001" /><testcase classname="test_zodiac_site_scraper.SiteSpecificCandidateTests" name="test_aggregate_home_prefers_current_higher_priority_document" time="0.001" /><testcase classname="test_zodiac_site_scraper.SiteSpecificCandidateTests" name="test_aggregate_home_rejects_target_found_only_in_appended_old_cycle" time="0.002" /><testcase classname="test_zodiac_site_scraper.SiteSpecificCandidateTests" name="test_all_configured_sites_have_site_specific_parser" time="0.003" /><testcase classname="test_zodiac_site_scraper.SiteSpecificCandidateTests" name="test_article_browser_document_collection_excludes_unrelated_iframes" time="0.002" /><testcase classname="test_zodiac_site_scraper.SiteSpecificCandidateTests" name="test_article_page_wrong_period_uses_browser_fallback" time="0.001" /><testcase classname="test_zodiac_site_scraper.SiteSpecificCandidateTests" name="test_author_topic_block_preserves_conflicting_repeated_period" time="0.001" /><testcase classname="test_zodiac_site_scraper.SiteSpecificCandidateTests" name="test_author_topic_block_sites_ignore_other_page_sections" time="0.002" /><testcase classname="test_zodiac_site_scraper.SiteSpecificCandidateTests" name="test_author_topic_parser_preserves_same_document_conflict" time="0.001" /><testcase classname="test_zodiac_site_scraper.SiteSpecificCandidateTests" name="test_baidajie_locks_baixiaojie_column_title_and_single_zodiac" time="0.001" /><testcase classname="test_zodiac_site_scraper.SiteSpecificCandidateTests" name="test_baidajie_rejects_missing_column_title_and_multi_zodiac" time="0.001" /><testcase classname="test_zodiac_site_scraper.SiteSpecificCandidateTests" name="test_baishanxuezhang_scopes_to_article_body" time="0.001" /><testcase classname="test_zodiac_site_scraper.SiteSpecificCandidateTests" name="test_baojia_youjian_uses_current_title_block_not_old_tail_cycle" time="0.001" /><testcase classname="test_zodiac_site_scraper.SiteSpecificCandidateTests" name="test_browser_document_collection_rejects_user_route_change_during_poll" time="0.001" /><testcase classname="test_zodiac_site_scraper.SiteSpecificCandidateTests" name="test_browser_payload_selection_rejects_cross_origin_and_wrong_api_id" time="0.001" /><testcase classname="test_zodiac_site_scraper.SiteSpecificCandidateTests" name="test_browser_payload_selection_rejects_missing_target_id_even_with_valid_dom" time="0.001" /><testcase classname="test_zodiac_site_scraper.SiteSpecificCandidateTests" name="test_browser_payload_selection_reuses_the_same_article_id_boundary" time="0.001" /><testcase classname="test_zodiac_site_scraper.SiteSpecificCandidateTests" name="test_cache_duplicate_check_requires_requested_period" time="0.002" /><testcase classname="test_zodiac_site_scraper.SiteSpecificCandidateTests" name="test_cached_duplicate_matches_use_period_aligned_baseline_records" time="0.001" /><testcase classname="test_zodiac_site_scraper.SiteSpecificCandidateTests" name="test_candidate_parse_cache_keeps_same_source_directories_isolated" time="0.001" /><testcase classname="test_zodiac_site_scraper.SiteSpecificCandidateTests" name="test_complete_raw_body_skips_external_scripts_and_iframes" time="0.001" /><testcase classname="test_zodiac_site_scraper.SiteSpecificCandidateTests" name="test_concurrent_outer_retries_limit_each_site_to_one_request_attempt" time="0.603" /><testcase classname="test_zodiac_site_scraper.SiteSpecificCandidateTests" name="test_configured_article_api_url_is_used_first_and_keeps_id_validation" time="0.001" /><testcase classname="test_zodiac_site_scraper.SiteSpecificCandidateTests" name="test_corrupt_cache_fails_closed_without_overwrite" time="0.001" /><testcase classname="test_zodiac_site_scraper.SiteSpecificCandidateTests" name="test_decode_bytes_ignores_utf7_apparent_encoding_for_base64_scripts" time="0.000" /><testcase classname="test_zodiac_site_scraper.SiteSpecificCandidateTests" name="test_decode_bytes_prefers_valid_utf8_over_higher_scoring_mojibake" time="0.000" /><testcase classname="test_zodiac_site_scraper.SiteSpecificCandidateTests" name="test_decode_bytes_rejects_misdetected_single_byte_encoding_for_mixed_gb_page" time="0.002" /><testcase classname="test_zodiac_site_scraper.SiteSpecificCandidateTests" name="test_default_success_and_failure_output_paths_are_separate" time="0.001" /><testcase classname="test_zodiac_site_scraper.SiteSpecificCandidateTests" name="test_deferred_stage_reuses_page_downloaded_during_fast_stage" time="0.001" /><testcase classname="test_zodiac_site_scraper.SiteSpecificCandidateTests" name="test_directional_candidate_does_not_limit_exactly_thirty_unique_candidates" time="0.001" /><testcase classname="test_zodiac_site_scraper.SiteSpecificCandidateTests" name="test_directional_candidate_limits_duplicate_period_pages_to_latest_five" time="0.000" /><testcase classname="test_zodiac_site_scraper.SiteSpecificCandidateTests" name="test_directional_candidate_limits_large_pages_to_latest_five_by_direction" time="0.002" /><testcase classname="test_zodiac_site_scraper.SiteSpecificCandidateTests" name="test_directional_candidate_uses_top_bottom_recent_candidate_before_period_check" time="0.000" /><testcase classname="test_zodiac_site_scraper.SiteSpecificCandidateTests" name="test_disjoint_decoded_archive_cannot_supply_period_missing_from_current_payload" time="0.001" /><testcase classname="test_zodiac_site_scraper.SiteSpecificCandidateTests" name="test_duplicate_cache_rejects_records_after_article_id_boundary_failure" time="0.001" /><testcase classname="test_zodiac_site_scraper.SiteSpecificCandidateTests" name="test_duplicate_check_accepts_only_consecutive_zodiac_values" time="0.001" /><testcase classname="test_zodiac_site_scraper.SiteSpecificCandidateTests" name="test_duplicate_check_rejects_multiple_zodiacs_in_one_candidate" time="0.000" /><testcase classname="test_zodiac_site_scraper.SiteSpecificCandidateTests" name="test_duplicate_check_rejects_non_zodiac_values" time="0.001" /><testcase classname="test_zodiac_site_scraper.SiteSpecificCandidateTests" name="test_duplicate_check_rejects_target_conflict_outside_manual_direction_window" time="0.001" /><testcase classname="test_zodiac_site_scraper.SiteSpecificCandidateTests" name="test_duplicate_check_requires_enough_recent_values" time="0.000" /><testcase classname="test_zodiac_site_scraper.SiteSpecificCandidateTests" name="test_duplicate_check_requires_requested_period_to_exist" time="0.000" /><testcase classname="test_zodiac_site_scraper.SiteSpecificCandidateTests" name="test_duplicate_check_skips_missing_periods_until_enough_values" time="0.001" /><testcase classname="test_zodiac_site_scraper.SiteSpecificCandidateTests" name="test_duplicate_detection_requires_ten_valid_records" time="0.000" /><testcase classname="test_zodiac_site_scraper.SiteSpecificCandidateTests" name="test_duplicate_groups_align_by_period_records_not_fingerprint_position" time="0.000" /><testcase classname="test_zodiac_site_scraper.SiteSpecificCandidateTests" name="test_duplicate_period_in_cache_is_rejected" time="0.001" /><testcase classname="test_zodiac_site_scraper.SiteSpecificCandidateTests" name="test_duplicate_results_from_cache_does_not_call_live_fingerprint_scraper" time="0.001" /><testcase classname="test_zodiac_site_scraper.SiteSpecificCandidateTests" name="test_duplicate_results_from_cache_rejects_insufficient_valid_records" time="0.001" /><testcase classname="test_zodiac_site_scraper.SiteSpecificCandidateTests" name="test_dynamic_article_cache_rejects_mismatched_provenance_identity" time="0.001" /><testcase classname="test_zodiac_site_scraper.SiteSpecificCandidateTests" name="test_dynamic_article_reuses_target_parse_after_api_status_check" time="0.002" /><testcase classname="test_zodiac_site_scraper.SiteSpecificCandidateTests" name="test_dynamic_article_success_writes_exact_record_provenance" time="0.004" /><testcase classname="test_zodiac_site_scraper.SiteSpecificCandidateTests" name="test_dynamic_article_without_record_provenance_cannot_enter_cache" time="0.001" /><testcase classname="test_zodiac_site_scraper.SiteSpecificCandidateTests" name="test_dynamic_cache_without_provenance_is_rejected_on_read" time="0.001" /><testcase classname="test_zodiac_site_scraper.SiteSpecificCandidateTests" name="test_dynamic_user_and_forum_without_record_provenance_cannot_enter_cache" time="0.002" /><testcase classname="test_zodiac_site_scraper.SiteSpecificCandidateTests" name="test_dynamic_user_cache_rejects_tampered_post_id_or_record_path" time="0.003" /><testcase classname="test_zodiac_site_scraper.SiteSpecificCandidateTests" name="test_empty_admin_api_shell_falls_back_to_rendered_dom" time="0.001" /><testcase classname="test_zodiac_site_scraper.SiteSpecificCandidateTests" name="test_error_lines_include_failure_category" time="0.000" /><testcase classname="test_zodiac_site_scraper.SiteSpecificCandidateTests" name="test_explicit_record_parser_accepts_one_wrapped_zodiac_line_without_crossing_period" time="0.001" /><testcase classname="test_zodiac_site_scraper.SiteSpecificCandidateTests" name="test_external_content_script_is_not_merged_with_visible_document" time="0.001" /><testcase classname="test_zodiac_site_scraper.SiteSpecificCandidateTests" name="test_extract_zodiac_accepts_kill_one_variant_marker" time="0.000" /><testcase classname="test_zodiac_site_scraper.SiteSpecificCandidateTests" name="test_extract_zodiac_accepts_short_single_zodiac_kill_format" time="0.000" /><testcase classname="test_zodiac_site_scraper.SiteSpecificCandidateTests" name="test_extract_zodiac_rejects_short_kill_with_only_context_semantics" time="0.000" /><testcase classname="test_zodiac_site_scraper.SiteSpecificCandidateTests" name="test_facai_zhidao_parser_preserves_current_period_conflicts" time="0.001" /><testcase classname="test_zodiac_site_scraper.SiteSpecificCandidateTests" name="test_facai_zhidao_parser_rejects_wrong_title_and_adjacent_article" time="0.001" /><testcase classname="test_zodiac_site_scraper.SiteSpecificCandidateTests" name="test_facai_zhidao_parser_uses_current_annual_cycle_for_bottom" time="0.001" /><testcase classname="test_zodiac_site_scraper.SiteSpecificCandidateTests" name="test_fast_stage_defers_incomplete_raw_body_without_deep_fetch" time="0.000" /><testcase classname="test_zodiac_site_scraper.SiteSpecificCandidateTests" name="test_feng_homepage_extracts_named_section_only" time="0.001" /><testcase classname="test_zodiac_site_scraper.SiteSpecificCandidateTests" name="test_fetch_html_does_not_retry_permanent_http_error" time="0.000" /><testcase classname="test_zodiac_site_scraper.SiteSpecificCandidateTests" name="test_fetch_html_once_does_not_repeat_requests_http_error_with_urllib" time="0.000" /><testcase classname="test_zodiac_site_scraper.SiteSpecificCandidateTests" name="test_fetch_html_once_falls_back_to_urllib_when_requests_fails" time="0.005" /><testcase classname="test_zodiac_site_scraper.SiteSpecificCandidateTests" name="test_fetch_html_once_reuses_thread_local_requests_session" time="0.001" /><testcase classname="test_zodiac_site_scraper.SiteSpecificCandidateTests" name="test_fetch_run_cache_does_not_store_failed_request" time="0.000" /><testcase classname="test_zodiac_site_scraper.SiteSpecificCandidateTests" name="test_filter_inactive_sites_skips_threshold_failures" time="0.001" /><testcase classname="test_zodiac_site_scraper.SiteSpecificCandidateTests" name="test_find_candidates_supports_split_followup_zodiac_line" time="0.001" /><testcase classname="test_zodiac_site_scraper.SiteSpecificCandidateTests" name="test_find_candidates_supports_strict_split_current_block_for_gsb_page" time="0.001" /><testcase classname="test_zodiac_site_scraper.SiteSpecificCandidateTests" name="test_find_candidates_supports_strict_split_current_block_for_whitelisted_pages" time="0.001" /><testcase classname="test_zodiac_site_scraper.SiteSpecificCandidateTests" name="test_find_candidates_uses_contextual_kill_title_for_short_lines" time="0.001" /><testcase classname="test_zodiac_site_scraper.SiteSpecificCandidateTests" name="test_fllxjy_homepage_extracts_kill_zodiac_tab" time="0.001" /><testcase classname="test_zodiac_site_scraper.SiteSpecificCandidateTests" name="test_forum_detail_rejects_a_record_not_matching_the_url_forum_id" time="0.001" /><testcase classname="test_zodiac_site_scraper.SiteSpecificCandidateTests" name="test_forum_detail_rejects_wrong_author_inside_exact_record" time="0.001" /><testcase classname="test_zodiac_site_scraper.SiteSpecificCandidateTests" name="test_full_active_site_list_prunes_retired_cache_identities" time="0.003" /><testcase classname="test_zodiac_site_scraper.SiteSpecificCandidateTests" name="test_fupoliubu_kill_zodiac_tail_format" time="0.001" /><testcase classname="test_zodiac_site_scraper.SiteSpecificCandidateTests" name="test_geanguanhuo_parser_keeps_only_named_article_bottom_records" time="0.001" /><testcase classname="test_zodiac_site_scraper.SiteSpecificCandidateTests" name="test_generated_site_parser_does_not_take_a_record_from_the_next_author_block" time="0.003" /><testcase classname="test_zodiac_site_scraper.SiteSpecificCandidateTests" name="test_generated_site_parser_rejects_a_navigation_only_name_anchor" time="0.001" /><testcase classname="test_zodiac_site_scraper.SiteSpecificCandidateTests" name="test_generated_site_parser_requires_configured_site_anchor" time="0.000" /><testcase classname="test_zodiac_site_scraper.SiteSpecificCandidateTests" name="test_generic_parser_never_joins_period_and_zodiac_across_documents" time="0.001" /><testcase classname="test_zodiac_site_scraper.SiteSpecificCandidateTests" name="test_gongzheng_table_can_beat_shell_document_when_target_is_in_table" time="0.001" /><testcase classname="test_zodiac_site_scraper.SiteSpecificCandidateTests" name="test_gongzhengchu_fetch_uses_browser_only_for_script_shell" time="0.001" /><testcase classname="test_zodiac_site_scraper.SiteSpecificCandidateTests" name="test_gongzhengchu_table_candidates_keep_header_semantics" time="0.001" /><testcase classname="test_zodiac_site_scraper.SiteSpecificCandidateTests" name="test_grjawf_homepage_rejects_ban_zodiac_table_without_yixiao_anchor" time="0.001" /><testcase classname="test_zodiac_site_scraper.SiteSpecificCandidateTests" name="test_gu_miaomiao_fetch_uses_homepage_click_flow" time="0.000" /><testcase classname="test_zodiac_site_scraper.SiteSpecificCandidateTests" name="test_gu_miaomiao_link_selection_requires_one_same_origin_topic" time="0.001" /><testcase classname="test_zodiac_site_scraper.SiteSpecificCandidateTests" name="test_gu_miaomiao_parser_reads_only_clicked_detail_block" time="0.001" /><testcase classname="test_zodiac_site_scraper.SiteSpecificCandidateTests" name="test_guangdong_baier_stops_before_appended_future_cycle" time="0.001" /><testcase classname="test_zodiac_site_scraper.SiteSpecificCandidateTests" name="test_guli_chunyi_allows_variable_tail_number" time="0.001" /><testcase classname="test_zodiac_site_scraper.SiteSpecificCandidateTests" name="test_hexiangu_does_not_merge_anchor_across_hard_documents" time="0.000" /><testcase classname="test_zodiac_site_scraper.SiteSpecificCandidateTests" name="test_hexiangu_merges_only_decoded_fragments_inside_target_section" time="0.001" /><testcase classname="test_zodiac_site_scraper.SiteSpecificCandidateTests" name="test_http_404_is_not_transient_and_has_specific_failure_category" time="0.000" /><testcase classname="test_zodiac_site_scraper.SiteSpecificCandidateTests" name="test_http_headers_allow_persistent_connections" time="0.000" /><testcase classname="test_zodiac_site_scraper.SiteSpecificCandidateTests" name="test_http_requests_use_short_connect_and_full_read_timeout" time="0.001" /><testcase classname="test_zodiac_site_scraper.SiteSpecificCandidateTests" name="test_huangdaxian_parser_locks_named_bottom_article" time="0.001" /><testcase classname="test_zodiac_site_scraper.SiteSpecificCandidateTests" name="test_huangdaxian_parser_rejects_wrong_title_period" time="0.001" /><testcase classname="test_zodiac_site_scraper.SiteSpecificCandidateTests" name="test_incomplete_raw_body_still_fetches_deep_documents" time="8.047" /><testcase classname="test_zodiac_site_scraper.SiteSpecificCandidateTests" name="test_incomplete_visible_title_cannot_take_value_from_later_script_document" time="0.001" /><testcase classname="test_zodiac_site_scraper.SiteSpecificCandidateTests" name="test_incomplete_visible_title_uses_rendered_current_document" time="0.001" /><testcase classname="test_zodiac_site_scraper.SiteSpecificCandidateTests" name="test_jiangshi_motong_accepts_verified_c_domain_article_anchor" time="0.001" /><testcase classname="test_zodiac_site_scraper.SiteSpecificCandidateTests" name="test_jile_shijie_anchor_block_is_ordered_for_top_window" time="0.001" /><testcase classname="test_zodiac_site_scraper.SiteSpecificCandidateTests" name="test_jinhutang_fetches_current_jsq_script" time="0.000" /><testcase classname="test_zodiac_site_scraper.SiteSpecificCandidateTests" name="test_jinhutang_kill_table_uses_period_and_kill_zodiac_columns" time="0.001" /><testcase classname="test_zodiac_site_scraper.SiteSpecificCandidateTests" name="test_jinhutang_legacy_inline_format_is_rejected" time="0.001" /><testcase classname="test_zodiac_site_scraper.SiteSpecificCandidateTests" name="test_jinpai_miyu_keeps_repeated_bottom_current_block" time="0.001" /><testcase classname="test_zodiac_site_scraper.SiteSpecificCandidateTests" name="test_jiwang_de_xin_206_stays_inside_named_formula_block" time="0.001" /><testcase classname="test_zodiac_site_scraper.SiteSpecificCandidateTests" name="test_jiwang_de_xin_rejects_conflicting_duplicate_named_blocks" time="0.001" /><testcase classname="test_zodiac_site_scraper.SiteSpecificCandidateTests" name="test_jixiang_xiongrui_alias_rejects_unanchored_document" time="0.000" /><testcase classname="test_zodiac_site_scraper.SiteSpecificCandidateTests" name="test_jixiang_xiongrui_alias_uses_its_fixed_user_record_format" time="0.001" /><testcase classname="test_zodiac_site_scraper.SiteSpecificCandidateTests" name="test_kuangfeng_baoyu_is_configured_as_new_bottom_site" time="0.001" /><testcase classname="test_zodiac_site_scraper.SiteSpecificCandidateTests" name="test_kuangfeng_baoyu_parser_preserves_current_period_conflict" time="0.001" /><testcase classname="test_zodiac_site_scraper.SiteSpecificCandidateTests" name="test_kuangfeng_baoyu_parser_rejects_wrong_title_period_or_wrong_name" time="0.001" /><testcase classname="test_zodiac_site_scraper.SiteSpecificCandidateTests" name="test_kuangfeng_baoyu_parser_uses_current_cycle_for_bottom" time="0.001" /><testcase classname="test_zodiac_site_scraper.SiteSpecificCandidateTests" name="test_later_decoded_archive_cannot_supply_period_missing_from_current_document" time="0.001" /><testcase classname="test_zodiac_site_scraper.SiteSpecificCandidateTests" name="test_li_si_article_body_can_beat_shell_document" time="0.001" /><testcase classname="test_zodiac_site_scraper.SiteSpecificCandidateTests" name="test_liubowen_kill_zodiac_tail_section_uses_zodiac_not_tail" time="0.001" /><testcase classname="test_zodiac_site_scraper.SiteSpecificCandidateTests" name="test_liuhe_bingtuan_keeps_repeated_period_for_bottom_current_block" time="0.002" /><testcase classname="test_zodiac_site_scraper.SiteSpecificCandidateTests" name="test_load_sites_accepts_chinese_direction_aliases" time="0.001" /><testcase classname="test_zodiac_site_scraper.SiteSpecificCandidateTests" name="test_load_sites_accepts_region_alias" time="0.001" /><testcase classname="test_zodiac_site_scraper.SiteSpecificCandidateTests" name="test_load_sites_creates_external_json_from_builtin_sites" time="0.002" /><testcase classname="test_zodiac_site_scraper.SiteSpecificCandidateTests" name="test_load_sites_reads_external_json" time="0.001" /><testcase classname="test_zodiac_site_scraper.SiteSpecificCandidateTests" name="test_long_dynamic_app_shell_uses_browser_when_dedicated_parser_is_missing_body" time="0.001" /><testcase classname="test_zodiac_site_scraper.SiteSpecificCandidateTests" name="test_macau_baixiaosheng_parser_locks_author_record_name_and_column" time="0.001" /><testcase classname="test_zodiac_site_scraper.SiteSpecificCandidateTests" name="test_macau_baoma_pages_lock_fixed_title_and_record_columns" time="0.001" /><testcase classname="test_zodiac_site_scraper.SiteSpecificCandidateTests" name="test_macau_baoma_pages_reject_wrong_article_title_and_multi_zodiac" time="0.001" /><testcase classname="test_zodiac_site_scraper.SiteSpecificCandidateTests" name="test_macau_caiku_parser_accepts_only_its_fixed_body_alias" time="0.001" /><testcase classname="test_zodiac_site_scraper.SiteSpecificCandidateTests" name="test_macau_caixianzhi_does_not_merge_anchor_across_hard_documents" time="0.001" /><testcase classname="test_zodiac_site_scraper.SiteSpecificCandidateTests" name="test_macau_caixianzhi_parser_stays_inside_yixiao_section" time="0.001" /><testcase classname="test_zodiac_site_scraper.SiteSpecificCandidateTests" name="test_macau_caixianzhi_rejects_unrelated_table_without_yixiao_anchor" time="0.001" /><testcase classname="test_zodiac_site_scraper.SiteSpecificCandidateTests" name="test_macau_caixianzhi_stops_before_old_period_cycle" time="0.001" /><testcase classname="test_zodiac_site_scraper.SiteSpecificCandidateTests" name="test_macau_jinshouzhi_keeps_same_period_conflict_for_rejection" time="0.001" /><testcase classname="test_zodiac_site_scraper.SiteSpecificCandidateTests" name="test_macau_jinshouzhi_locks_to_fifth_kill_zodiac_tab" time="0.001" /><testcase classname="test_zodiac_site_scraper.SiteSpecificCandidateTests" name="test_macau_jinshouzhi_rejects_multiple_zodiacs_in_one_field" time="0.000" /><testcase classname="test_zodiac_site_scraper.SiteSpecificCandidateTests" name="test_macau_named_article_parsers_reject_wrong_anchors_and_conflicts" time="0.001" /><testcase classname="test_zodiac_site_scraper.SiteSpecificCandidateTests" name="test_macau_named_articles_are_registered_as_existing_dedicated_sites" time="0.003" /><testcase classname="test_zodiac_site_scraper.SiteSpecificCandidateTests" name="test_main_routes_cache_conflict_to_failure_and_keeps_other_success" time="0.005" /><testcase classname="test_zodiac_site_scraper.SiteSpecificCandidateTests" name="test_manager_article_uses_manager_api_first" time="0.001" /><testcase classname="test_zodiac_site_scraper.SiteSpecificCandidateTests" name="test_mantang_guilv_jingsha_history_format" time="0.001" /><testcase classname="test_zodiac_site_scraper.SiteSpecificCandidateTests" name="test_mantang_guilv_juesha_split_block_format" time="0.001" /><testcase classname="test_zodiac_site_scraper.SiteSpecificCandidateTests" name="test_manting_ruoshi_rejects_wrong_author_block" time="0.001" /><testcase classname="test_zodiac_site_scraper.SiteSpecificCandidateTests" name="test_manting_ruoshi_uses_titled_author_block_and_stops_at_future_period" time="0.001" /><testcase classname="test_zodiac_site_scraper.SiteSpecificCandidateTests" name="test_merge_success_file_adds_marker_only_to_new_output" time="0.001" /><testcase classname="test_zodiac_site_scraper.SiteSpecificCandidateTests" name="test_merge_success_file_appends_and_rebuilds_rank" time="0.001" /><testcase classname="test_zodiac_site_scraper.SiteSpecificCandidateTests" name="test_merge_success_file_keeps_same_name_different_url_results" time="0.001" /><testcase classname="test_zodiac_site_scraper.SiteSpecificCandidateTests" name="test_mixed_encoded_payload_types_follow_physical_source_order" time="0.001" /><testcase classname="test_zodiac_site_scraper.SiteSpecificCandidateTests" name="test_multi_period_failure_summary_separates_site_blocks_with_one_blank_line" time="0.001" /><testcase classname="test_zodiac_site_scraper.SiteSpecificCandidateTests" name="test_multi_period_mode_writes_single_period_outputs_and_all_failed_summary_without_cache_update" time="0.005" /><testcase classname="test_zodiac_site_scraper.SiteSpecificCandidateTests" name="test_multiple_decoded_documents_in_one_script_keep_separate_boundaries" time="0.000" /><testcase classname="test_zodiac_site_scraper.SiteSpecificCandidateTests" name="test_named_topic_block_parser_binds_records_to_current_title_and_author" time="0.000" /><testcase classname="test_zodiac_site_scraper.SiteSpecificCandidateTests" name="test_named_topic_block_parser_normalizes_bottom_records" time="0.000" /><testcase classname="test_zodiac_site_scraper.SiteSpecificCandidateTests" name="test_named_topic_block_parser_rejects_title_without_matching_record" time="0.000" /><testcase classname="test_zodiac_site_scraper.SiteSpecificCandidateTests" name="test_named_topic_parser_accepts_separate_title_badge_nodes" time="0.001" /><testcase classname="test_zodiac_site_scraper.SiteSpecificCandidateTests" name="test_named_topic_parser_locks_another_eye_to_its_current_block" time="0.001" /><testcase classname="test_zodiac_site_scraper.SiteSpecificCandidateTests" name="test_nested_decoded_archive_does_not_remerge_inside_wrapper" time="0.001" /><testcase classname="test_zodiac_site_scraper.SiteSpecificCandidateTests" name="test_new_190_sites_use_dedicated_blocks" time="0.004" /><testcase classname="test_zodiac_site_scraper.SiteSpecificCandidateTests" name="test_niuniu_missing_target_keeps_verified_api_period_reason_when_browser_has_no_capture" time="0.001" /><testcase classname="test_zodiac_site_scraper.SiteSpecificCandidateTests" name="test_non_article_browser_document_collection_uses_only_the_main_frame" time="0.001" /><testcase classname="test_zodiac_site_scraper.SiteSpecificCandidateTests" name="test_non_zodiac_errors_are_classified" time="0.000" /><testcase classname="test_zodiac_site_scraper.SiteSpecificCandidateTests" name="test_outer_network_retries_use_one_request_attempt_each" time="0.601" /><testcase classname="test_zodiac_site_scraper.SiteSpecificCandidateTests" name="test_parent_anchor_is_not_joined_to_unrelated_iframe_data" time="0.001" /><testcase classname="test_zodiac_site_scraper.SiteSpecificCandidateTests" name="test_parse_args_requires_manual_period_by_default" time="0.001" /><testcase classname="test_zodiac_site_scraper.SiteSpecificCandidateTests" name="test_parser_errors_are_not_transient_network_errors" time="0.000" /><testcase classname="test_zodiac_site_scraper.SiteSpecificCandidateTests" name="test_parser_period_and_conflict_failures_are_never_outer_retried" time="0.000" /><testcase classname="test_zodiac_site_scraper.SiteSpecificCandidateTests" name="test_persistent_session_clears_cookies_when_request_raises" time="0.000" /><testcase classname="test_zodiac_site_scraper.SiteSpecificCandidateTests" name="test_persistent_session_does_not_carry_cookies_between_requests" time="0.001" /><testcase classname="test_zodiac_site_scraper.SiteSpecificCandidateTests" name="test_pick_candidate_uses_candidate_order_not_page_halves" time="0.001" /><testcase classname="test_zodiac_site_scraper.SiteSpecificCandidateTests" name="test_pick_candidate_without_explicit_period_uses_top_bottom_inside_newest_period" time="0.001" /><testcase classname="test_zodiac_site_scraper.SiteSpecificCandidateTests" name="test_prioritized_same_level_documents_keep_cross_document_conflict" time="0.001" /><testcase classname="test_zodiac_site_scraper.SiteSpecificCandidateTests" name="test_prioritized_visible_document_wins_over_script_document_regardless_of_order" time="0.001" /><testcase classname="test_zodiac_site_scraper.SiteSpecificCandidateTests" name="test_progress_status_line_uses_requested_terminal_format" time="0.000" /><testcase classname="test_zodiac_site_scraper.SiteSpecificCandidateTests" name="test_qhfsrngx_special_page_supports_dual_formats" time="0.001" /><testcase classname="test_zodiac_site_scraper.SiteSpecificCandidateTests" name="test_qianqian_yixiao_keeps_equal_weight_blocks_for_conflict_rejection" time="0.001" /><testcase classname="test_zodiac_site_scraper.SiteSpecificCandidateTests" name="test_qiongnian_jinqi_anchor_block_is_ordered_for_bottom_window" time="0.001" /><testcase classname="test_zodiac_site_scraper.SiteSpecificCandidateTests" name="test_qwpapph_556403_special_page_supports_dual_formats" time="0.001" /><testcase classname="test_zodiac_site_scraper.SiteSpecificCandidateTests" name="test_qwpapph_556403_special_page_supports_raw_base64_current_line" time="0.001" /><testcase classname="test_zodiac_site_scraper.SiteSpecificCandidateTests" name="test_qwpapph_556404_special_page_reads_raw_base64_current_line" time="0.001" /><testcase classname="test_zodiac_site_scraper.SiteSpecificCandidateTests" name="test_qwpapph_558998_special_page_supports_mojibake_chunk" time="0.003" /><testcase classname="test_zodiac_site_scraper.SiteSpecificCandidateTests" name="test_qwpapph_decoded_archive_cannot_reverse_current_article_order" time="0.001" /><testcase classname="test_zodiac_site_scraper.SiteSpecificCandidateTests" name="test_qwpapph_incomplete_current_fragment_cannot_merge_stale_archive" time="0.001" /><testcase classname="test_zodiac_site_scraper.SiteSpecificCandidateTests" name="test_qwpapph_special_page_supports_dual_formats" time="0.001" /><testcase classname="test_zodiac_site_scraper.SiteSpecificCandidateTests" name="test_raw_site_backup_keeps_wubian_wuji_top_direction" time="0.000" /><testcase classname="test_zodiac_site_scraper.SiteSpecificCandidateTests" name="test_read_rolling_baseline_rejects_duplicate_site_identities" time="0.001" /><testcase classname="test_zodiac_site_scraper.SiteSpecificCandidateTests" name="test_real_browser_block_formats_keep_their_article_boundary" time="0.006" /><testcase classname="test_zodiac_site_scraper.SiteSpecificCandidateTests" name="test_rendered_admin_articles_share_process_renderer" time="0.000" /><testcase classname="test_zodiac_site_scraper.SiteSpecificCandidateTests" name="test_renderer_cancels_background_task_after_sync_timeout" time="0.000" /><testcase classname="test_zodiac_site_scraper.SiteSpecificCandidateTests" name="test_renderer_does_not_return_before_late_frame_can_change_valid_result" time="0.001" /><testcase classname="test_zodiac_site_scraper.SiteSpecificCandidateTests" name="test_renderer_limits_concurrent_browser_jobs_to_six" time="0.038" /><testcase classname="test_zodiac_site_scraper.SiteSpecificCandidateTests" name="test_renderer_retries_after_context_creation_failure" time="0.816" /><testcase classname="test_zodiac_site_scraper.SiteSpecificCandidateTests" name="test_renderer_routes_both_browser_entrypoints_through_render_slot" time="0.001" /><testcase classname="test_zodiac_site_scraper.SiteSpecificCandidateTests" name="test_renderer_waits_after_initial_wrong_period_until_target_is_rendered" time="0.002" /><testcase classname="test_zodiac_site_scraper.SiteSpecificCandidateTests" name="test_requests_session_pool_isolates_worker_threads" time="0.001" /><testcase classname="test_zodiac_site_scraper.SiteSpecificCandidateTests" name="test_resolve_duplicate_baseline_ignores_retired_baseline_file" time="0.001" /><testcase classname="test_zodiac_site_scraper.SiteSpecificCandidateTests" name="test_resolve_duplicate_baseline_uses_recent_10_cache" time="0.001" /><testcase classname="test_zodiac_site_scraper.SiteSpecificCandidateTests" name="test_result_level_same_site_period_conflict_is_rejected_from_outputs" time="0.001" /><testcase classname="test_zodiac_site_scraper.SiteSpecificCandidateTests" name="test_retired_sites_are_absent_from_active_and_backup_config" time="0.001" /><testcase classname="test_zodiac_site_scraper.SiteSpecificCandidateTests" name="test_retry_transient_failures_retries_only_network_errors" time="1.002" /><testcase classname="test_zodiac_site_scraper.SiteSpecificCandidateTests" name="test_same_level_identical_documents_are_deduplicated_but_conflicts_remain" time="0.001" /><testcase classname="test_zodiac_site_scraper.SiteSpecificCandidateTests" name="test_same_period_candidates_in_later_document_do_not_conflict_with_current_document" time="0.001" /><testcase classname="test_zodiac_site_scraper.SiteSpecificCandidateTests" name="test_same_url_origin_rejects_https_downgrade_on_same_host" time="0.000" /><testcase classname="test_zodiac_site_scraper.SiteSpecificCandidateTests" name="test_scrape_site_allows_repeated_same_current_period_value" time="0.001" /><testcase classname="test_zodiac_site_scraper.SiteSpecificCandidateTests" name="test_scrape_site_fails_when_bottom_recent_candidate_period_does_not_match_target" time="0.001" /><testcase classname="test_zodiac_site_scraper.SiteSpecificCandidateTests" name="test_scrape_site_fails_when_target_is_outside_duplicate_period_recent_window" time="0.001" /><testcase classname="test_zodiac_site_scraper.SiteSpecificCandidateTests" name="test_scrape_site_fails_when_target_is_outside_large_page_recent_window" time="0.002" /><testcase classname="test_zodiac_site_scraper.SiteSpecificCandidateTests" name="test_scrape_site_fails_when_top_recent_candidate_period_does_not_match_target" time="0.001" /><testcase classname="test_zodiac_site_scraper.SiteSpecificCandidateTests" name="test_scrape_site_for_any_period_accepts_target_inside_direction_window" time="0.001" /><testcase classname="test_zodiac_site_scraper.SiteSpecificCandidateTests" name="test_scrape_site_for_any_period_registered_specific_parser_does_not_fallback_to_generic" time="0.000" /><testcase classname="test_zodiac_site_scraper.SiteSpecificCandidateTests" name="test_scrape_site_for_any_period_rejects_ambiguous_target" time="0.001" /><testcase classname="test_zodiac_site_scraper.SiteSpecificCandidateTests" name="test_scrape_site_normalizes_repeated_same_current_zodiac" time="0.001" /><testcase classname="test_zodiac_site_scraper.SiteSpecificCandidateTests" name="test_scrape_site_registered_specific_parser_does_not_fallback_to_generic" time="0.000" /><testcase classname="test_zodiac_site_scraper.SiteSpecificCandidateTests" name="test_scrape_site_rejects_candidate_without_kill_semantics" time="0.001" /><testcase classname="test_zodiac_site_scraper.SiteSpecificCandidateTests" name="test_scrape_site_rejects_multiple_current_period_candidates_without_lock" time="0.001" /><testcase classname="test_zodiac_site_scraper.SiteSpecificCandidateTests" name="test_scrape_site_rejects_non_zodiac_candidate" time="0.001" /><testcase classname="test_zodiac_site_scraper.SiteSpecificCandidateTests" name="test_scrape_site_rejects_unselected_bad_current_candidate" time="0.001" /><testcase classname="test_zodiac_site_scraper.SiteSpecificCandidateTests" name="test_scrape_site_reuses_generic_parse_between_source_check_and_selection" time="0.001" /><testcase classname="test_zodiac_site_scraper.SiteSpecificCandidateTests" name="test_scrape_site_reuses_site_specific_parse_between_source_check_and_selection" time="0.001" /><testcase classname="test_zodiac_site_scraper.SiteSpecificCandidateTests" name="test_scrape_sites_downloads_same_url_once_per_run_but_parses_each_directory" time="0.105" /><testcase classname="test_zodiac_site_scraper.SiteSpecificCandidateTests" name="test_scrape_sites_finishes_fast_stage_before_deferred_deep_stage" time="0.002" /><testcase classname="test_zodiac_site_scraper.SiteSpecificCandidateTests" name="test_screenshot_defined_dedicated_parsers_reject_adjacent_fields" time="0.003" /><testcase classname="test_zodiac_site_scraper.SiteSpecificCandidateTests" name="test_script_shell_target_period_does_not_override_rendered_current_document" time="0.002" /><testcase classname="test_zodiac_site_scraper.SiteSpecificCandidateTests" name="test_script_shell_with_stale_period_uses_authoritative_rendered_dom" time="0.002" /><testcase classname="test_zodiac_site_scraper.SiteSpecificCandidateTests" name="test_shen_de_chuanshuo_accepts_only_structured_draw_bound_qi_typo" time="0.001" /><testcase classname="test_zodiac_site_scraper.SiteSpecificCandidateTests" name="test_shen_de_chuanshuo_draw_bound_qi_typo_passes_cache_provenance" time="0.001" /><testcase classname="test_zodiac_site_scraper.SiteSpecificCandidateTests" name="test_shen_de_chuanshuo_parser_stays_inside_named_user_section" time="0.000" /><testcase classname="test_zodiac_site_scraper.SiteSpecificCandidateTests" name="test_shen_de_chuanshuo_rejects_qi_typo_without_matching_draw" time="0.001" /><testcase classname="test_zodiac_site_scraper.SiteSpecificCandidateTests" name="test_shenzhi_yisha_accepts_new_191_current_record" time="0.002" /><testcase classname="test_zodiac_site_scraper.SiteSpecificCandidateTests" name="test_single_zodiac_kill_semantics_accepts_variant_phrases" time="0.001" /><testcase classname="test_zodiac_site_scraper.SiteSpecificCandidateTests" name="test_single_zodiac_kill_semantics_still_blocks_non_kill_lines" time="0.001" /><testcase classname="test_zodiac_site_scraper.SiteSpecificCandidateTests" name="test_site_error_line_includes_reason_label" time="0.000" /><testcase classname="test_zodiac_site_scraper.SiteSpecificCandidateTests" name="test_sites_from_error_file_keeps_same_url_different_directories" time="0.001" /><testcase classname="test_zodiac_site_scraper.SiteSpecificCandidateTests" name="test_sites_from_error_file_reads_urls" time="0.001" /><testcase classname="test_zodiac_site_scraper.SiteSpecificCandidateTests" name="test_small_village_title_without_206_body_record_stays_missing" time="0.000" /><testcase classname="test_zodiac_site_scraper.SiteSpecificCandidateTests" name="test_special_parser_static_shell_uses_browser_fallback" time="0.001" /><testcase classname="test_zodiac_site_scraper.SiteSpecificCandidateTests" name="test_split_period_semantic_and_zodiac_line_uses_title_context" time="0.001" /><testcase classname="test_zodiac_site_scraper.SiteSpecificCandidateTests" name="test_static_conflict_is_not_replaced_by_single_browser_candidate" time="0.001" /><testcase classname="test_zodiac_site_scraper.SiteSpecificCandidateTests" name="test_strict_article_target_cannot_select_an_older_article" time="0.001" /><testcase classname="test_zodiac_site_scraper.SiteSpecificCandidateTests" name="test_strict_kill_markers_allow_new_variants" time="0.001" /><testcase classname="test_zodiac_site_scraper.SiteSpecificCandidateTests" name="test_strict_render_fallback_runs_only_when_raw_dedicated_parser_misses" time="0.001" /><testcase classname="test_zodiac_site_scraper.SiteSpecificCandidateTests" name="test_target_period_does_not_fall_back_to_later_old_document" time="0.001" /><testcase classname="test_zodiac_site_scraper.SiteSpecificCandidateTests" name="test_taxue_wuhen_accepts_verified_c_domain_article_anchor" time="0.001" /><testcase classname="test_zodiac_site_scraper.SiteSpecificCandidateTests" name="test_tiankong_homepage_extracts_shujinguang_buy_section_only" time="0.001" /><testcase classname="test_zodiac_site_scraper.SiteSpecificCandidateTests" name="test_tiankong_parser_skips_old_section_without_target_period" time="0.000" /><testcase classname="test_zodiac_site_scraper.SiteSpecificCandidateTests" name="test_tiankong_parser_stays_in_shujinguang_section" time="0.001" /><testcase classname="test_zodiac_site_scraper.SiteSpecificCandidateTests" name="test_tiantian_facai_parser_locks_top_title_author_block" time="0.001" /><testcase classname="test_zodiac_site_scraper.SiteSpecificCandidateTests" name="test_tiantian_facai_parser_rejects_wrong_title_period" time="0.000" /><testcase classname="test_zodiac_site_scraper.SiteSpecificCandidateTests" name="test_title_author_blocks_bound_205_period_and_ignore_future_cycle" time="0.001" /><testcase classname="test_zodiac_site_scraper.SiteSpecificCandidateTests" name="test_tuichen_chuxin_allows_variable_code_number" time="0.001" /><testcase classname="test_zodiac_site_scraper.SiteSpecificCandidateTests" name="test_uhaxnrzx_homepage_extracts_kill_zodiac_column" time="0.001" /><testcase classname="test_zodiac_site_scraper.SiteSpecificCandidateTests" name="test_unanchored_hard_document_cannot_supply_site_candidate" time="0.000" /><testcase classname="test_zodiac_site_scraper.SiteSpecificCandidateTests" name="test_unique_ok_results_keeps_same_url_different_directories" time="0.000" /><testcase classname="test_zodiac_site_scraper.SiteSpecificCandidateTests" name="test_unregistered_dynamic_article_cannot_use_generic_cross_document_fallback" time="0.000" /><testcase classname="test_zodiac_site_scraper.SiteSpecificCandidateTests" name="test_unverified_dynamic_cache_cannot_participate_in_duplicate_matching" time="0.000" /><testcase classname="test_zodiac_site_scraper.SiteSpecificCandidateTests" name="test_update_health_files_tracks_consecutive_failures" time="0.001" /><testcase classname="test_zodiac_site_scraper.SiteSpecificCandidateTests" name="test_update_recent_cache_ignores_retired_baseline_records" time="0.003" /><testcase classname="test_zodiac_site_scraper.SiteSpecificCandidateTests" name="test_update_rolling_baseline_keeps_exactly_ten_periods" time="0.002" /><testcase classname="test_zodiac_site_scraper.SiteSpecificCandidateTests" name="test_update_rolling_baseline_keeps_old_records_when_current_period_fails" time="0.003" /><testcase classname="test_zodiac_site_scraper.SiteSpecificCandidateTests" name="test_update_rolling_baseline_keeps_older_valid_records_until_count_reaches_ten" time="0.003" /><testcase classname="test_zodiac_site_scraper.SiteSpecificCandidateTests" name="test_update_rolling_baseline_keeps_same_url_different_directories_separate" time="0.002" /><testcase classname="test_zodiac_site_scraper.SiteSpecificCandidateTests" name="test_update_rolling_baseline_keeps_ten_valid_records_across_period_gaps" time="0.002" /><testcase classname="test_zodiac_site_scraper.SiteSpecificCandidateTests" name="test_update_rolling_baseline_preserves_sites_not_in_current_results" time="0.002" /><testcase classname="test_zodiac_site_scraper.SiteSpecificCandidateTests" name="test_update_rolling_baseline_rejects_changed_existing_period_without_writing" time="0.001" /><testcase classname="test_zodiac_site_scraper.SiteSpecificCandidateTests" name="test_update_rolling_baseline_rejects_result_for_another_period" time="0.001" /><testcase classname="test_zodiac_site_scraper.SiteSpecificCandidateTests" name="test_urllib_uses_short_connect_and_full_read_timeout" time="0.001" /><testcase classname="test_zodiac_site_scraper.SiteSpecificCandidateTests" name="test_user_history_api_url_uses_explicit_first_page" time="0.000" /><testcase classname="test_zodiac_site_scraper.SiteSpecificCandidateTests" name="test_user_history_candidate_provenance_is_bound_to_its_source_document" time="0.001" /><testcase classname="test_zodiac_site_scraper.SiteSpecificCandidateTests" name="test_user_history_group_provenance_keeps_api_url_for_historical_candidate" time="0.001" /><testcase classname="test_zodiac_site_scraper.SiteSpecificCandidateTests" name="test_user_history_items_are_independent_documents" time="0.001" /><testcase classname="test_zodiac_site_scraper.SiteSpecificCandidateTests" name="test_user_history_provenance_separates_post_draw_from_data_period" time="0.001" /><testcase classname="test_zodiac_site_scraper.SiteSpecificCandidateTests" name="test_user_history_rejects_a_post_from_another_url_user_id" time="0.001" /><testcase classname="test_zodiac_site_scraper.SiteSpecificCandidateTests" name="test_user_history_rejects_correct_id_with_wrong_nickname" time="0.001" /><testcase classname="test_zodiac_site_scraper.SiteSpecificCandidateTests" name="test_user_history_rejects_correct_user_with_wrong_column" time="0.001" /><testcase classname="test_zodiac_site_scraper.SiteSpecificCandidateTests" name="test_user_history_rejects_cross_origin_http_redirect" time="0.001" /><testcase classname="test_zodiac_site_scraper.SiteSpecificCandidateTests" name="test_user_history_stops_before_appended_old_annual_cycle" time="0.001" /><testcase classname="test_zodiac_site_scraper.SiteSpecificCandidateTests" name="test_user_history_stops_when_old_cycle_restarts_before_period_twenty" time="0.001" /><testcase classname="test_zodiac_site_scraper.SiteSpecificCandidateTests" name="test_user_history_target_period_does_not_filter_physical_document_order" time="0.001" /><testcase classname="test_zodiac_site_scraper.SiteSpecificCandidateTests" name="test_visible_current_document_precedes_later_decoded_archive" time="0.001" /><testcase classname="test_zodiac_site_scraper.SiteSpecificCandidateTests" name="test_wangchuanzhifan_parser_reads_only_first_kill_zodiac_block" time="0.001" /><testcase classname="test_zodiac_site_scraper.SiteSpecificCandidateTests" name="test_wanshan_shenchu_manager_article_uses_exact_named_record" time="0.001" /><testcase classname="test_zodiac_site_scraper.SiteSpecificCandidateTests" name="test_wanshan_shenchu_parser_rejects_other_directory_same_period" time="0.001" /><testcase classname="test_zodiac_site_scraper.SiteSpecificCandidateTests" name="test_wolf_homepage_extracts_named_section_only" time="0.001" /><testcase classname="test_zodiac_site_scraper.SiteSpecificCandidateTests" name="test_write_error_outputs_splits_existing_and_new_sites" time="0.001" /><testcase classname="test_zodiac_site_scraper.SiteSpecificCandidateTests" name="test_write_error_results_appends_category_summary" time="0.001" /><testcase classname="test_zodiac_site_scraper.SiteSpecificCandidateTests" name="test_write_error_results_deletes_existing_file_when_no_failures" time="0.001" /><testcase classname="test_zodiac_site_scraper.SiteSpecificCandidateTests" name="test_write_outputs_dedupes_identical_visible_success_lines" time="0.001" /><testcase classname="test_zodiac_site_scraper.SiteSpecificCandidateTests" name="test_write_outputs_removes_error_file_when_all_sites_succeed" time="0.001" /><testcase classname="test_zodiac_site_scraper.SiteSpecificCandidateTests" name="test_write_outputs_separates_existing_and_new_rankings" time="0.001" /><testcase classname="test_zodiac_site_scraper.SiteSpecificCandidateTests" name="test_write_outputs_separates_existing_and_new_sites" time="0.001" /><testcase classname="test_zodiac_site_scraper.SiteSpecificCandidateTests" name="test_xiaoxiaowanzi_bottom_keeps_current_repeated_191_record" time="0.001" /><testcase classname="test_zodiac_site_scraper.SiteSpecificCandidateTests" name="test_xinxiong_kaikuo_article_admin_format" time="0.001" /><testcase classname="test_zodiac_site_scraper.SiteSpecificCandidateTests" name="test_xinyoulingxi_parser_is_locked_to_screenshot_block" time="0.001" /><testcase classname="test_zodiac_site_scraper.SiteSpecificCandidateTests" name="test_xinyoulingxi_same_document_same_period_conflict_is_rejected" time="0.001" /><testcase classname="test_zodiac_site_scraper.SiteSpecificCandidateTests" name="test_yaolin_yushu_206_stays_inside_title_author_block" time="0.001" /><testcase classname="test_zodiac_site_scraper.SiteSpecificCandidateTests" name="test_yaolin_yushu_rejects_conflicting_duplicate_named_blocks" time="0.001" /><testcase classname="test_zodiac_site_scraper.SiteSpecificCandidateTests" name="test_yichenburan_parser_matches_current_c_domain_title" time="0.001" /><testcase classname="test_zodiac_site_scraper.SiteSpecificCandidateTests" name="test_yichenburan_parser_matches_current_e_domain_title" time="0.001" /><testcase classname="test_zodiac_site_scraper.SiteSpecificCandidateTests" name="test_yichenburan_stops_before_appended_future_cycle_but_keeps_same_period_conflict" time="0.001" /><testcase classname="test_zodiac_site_scraper.SiteSpecificCandidateTests" name="test_zcphjs_new_sites_extract_dedicated_formats" time="0.002" /><testcase classname="test_zodiac_site_scraper.SiteSpecificCandidateTests" name="test_zero_outer_retry_attempts_performs_no_outer_retry" time="0.602" /><testcase classname="test_zodiac_site_scraper.SiteSpecificCandidateTests" name="test_zhunsha_yixiao_parser_keeps_current_bottom_block_order" time="0.001" /></testsuite></testsuites>