<?xml version="1.0" encoding="utf-8"?><testsuites name="pytest tests"><testsuite name="pytest" errors="0" failures="0" skipped="0" tests="184" time="0.915" timestamp="2026-07-30T00:45:12.790368+08:00" hostname="DESKTOP-QN39H0S"><testcase classname="tests.cache.test_cache" name="test_validate_v1_schema_and_load_without_mutating_or_losing_provenance" time="0.007" /><testcase classname="tests.cache.test_cache" name="test_invalid_cache_schema_is_rejected[&lt;lambda&gt;-10]" time="0.001" /><testcase classname="tests.cache.test_cache" name="test_invalid_cache_schema_is_rejected[&lt;lambda&gt;-sites]" time="0.001" /><testcase classname="tests.cache.test_cache" name="test_invalid_cache_schema_is_rejected[&lt;lambda&gt;-\u65b9\u5411]" time="0.001" /><testcase classname="tests.cache.test_cache" name="test_invalid_cache_schema_is_rejected[&lt;lambda&gt;-\u751f\u8096]" time="0.001" /><testcase classname="tests.cache.test_cache" name="test_invalid_cache_schema_is_rejected[&lt;lambda&gt;-\u91cd\u590d\u76ee\u5f55\u8eab\u4efd]" time="0.001" /><testcase classname="tests.cache.test_cache" name="test_invalid_cache_schema_is_rejected[&lt;lambda&gt;-\u91cd\u590d\u671f\u53f7]" time="0.001" /><testcase classname="tests.cache.test_cache" name="test_update_rolls_by_record_count_preserves_provenance_and_rejects_conflict" time="0.001" /><testcase classname="tests.cache.test_cache" name="test_cache_write_requires_matching_formal_single_period_permit" time="0.004" /><testcase classname="tests.cache.test_cache" name="test_atomic_cache_replace_failure_keeps_original_bytes" time="0.004" /><testcase classname="tests.cli.test_cli" name="test_single_multi_retry_duplicate_onboard_and_repair_are_independent_commands" time="0.013" /><testcase classname="tests.cli.test_cli" name="test_period_is_never_guessed_and_duplicate_window_is_fixed_to_ten" time="0.006" /><testcase classname="tests.cli.test_cli" name="test_single_is_readonly_unless_formal_flag_is_explicit" time="0.005" /><testcase classname="tests.cli.test_cli_main" name="test_single_readonly_and_formal_paths" time="0.007" /><testcase classname="tests.cli.test_cli_main" name="test_multi_and_retry_execute_readonly_without_commit" time="0.007" /><testcase classname="tests.cli.test_cli_main" name="test_duplicate_and_onboard_commands_use_loaded_recent_cache" time="0.005" /><testcase classname="tests.cli.test_cli_main" name="test_print_results_includes_detailed_failure" time="0.001" /><testcase classname="tests.duplicate.test_duplicate" name="test_duplicate_uses_same_period_values_from_explicit_cache_only" time="0.001" /><testcase classname="tests.duplicate.test_duplicate" name="test_duplicate_identity_includes_name_url_direction_and_section" time="0.001" /><testcase classname="tests.duplicate.test_duplicate" name="test_duplicate_rejects_empty_short_mixed_or_conflicting_candidate_data" time="0.001" /><testcase classname="tests.duplicate.test_duplicate" name="test_duplicate_module_has_no_filesystem_network_or_upper_layer_dependencies" time="0.003" /><testcase classname="tests.integration.test_real_fixtures" name="test_every_raw_fixture_has_source_period_capture_time_and_integrity" time="0.001" /><testcase classname="tests.integration.test_real_fixtures" name="test_real_dynamic_evidence_runs_through_source_parser_validation_and_cache_contract[0]" time="0.014" /><testcase classname="tests.integration.test_real_fixtures" name="test_real_dynamic_evidence_runs_through_source_parser_validation_and_cache_contract[1]" time="0.012" /><testcase classname="tests.integration.test_real_fixtures" name="test_real_dynamic_evidence_rejects_wrong_author_or_record_identity" time="0.012" /><testcase classname="tests.output.test_output" name="test_paths_group_existing_and_new_success_and_failure_like_v1" time="0.002" /><testcase classname="tests.output.test_output" name="test_payload_format_keeps_sections_separate_and_detailed_failure_categories" time="0.002" /><testcase classname="tests.output.test_output" name="test_empty_new_or_failure_outputs_are_marked_for_atomic_removal" time="0.002" /><testcase classname="tests.output.test_output" name="test_output_write_requires_formal_single_permit_and_is_transactional" time="0.005" /><testcase classname="tests.parsers.test_families" name="test_regex_family_stays_inside_exact_named_block" time="0.002" /><testcase classname="tests.parsers.test_families" name="test_regex_family_rejects_missing_anchor_and_cross_document_join" time="0.001" /><testcase classname="tests.parsers.test_families" name="test_regex_family_keeps_same_period_conflict_for_validation_layer" time="0.001" /><testcase classname="tests.parsers.test_families" name="test_regex_family_decodes_strdecode_fragments_within_same_document" time="0.001" /><testcase classname="tests.parsers.test_families" name="test_strict_article_requires_title_author_and_keeps_current_cycle_conflict[top-210\u671f\uff1a\u7edd\u6740\u4e00\u8096\u3010\u9f20\u3011\n210\u671f\uff1a\u7edd\u6740\u4e00\u8096\u3010\u725b\u3011\n209\u671f\uff1a\u7edd\u6740\u4e00\u8096\u3010\u864e\u3011]" time="0.002" /><testcase classname="tests.parsers.test_families" name="test_strict_article_requires_title_author_and_keeps_current_cycle_conflict[bottom-209\u671f\uff1a\u7edd\u6740\u4e00\u8096\u3010\u864e\u3011\n210\u671f\uff1a\u7edd\u6740\u4e00\u8096\u3010\u9f20\u3011\n210\u671f\uff1a\u7edd\u6740\u4e00\u8096\u3010\u725b\u3011]" time="0.001" /><testcase classname="tests.parsers.test_families" name="test_strict_article_stops_at_next_article_and_rejects_wrong_direction_edge" time="0.001" /><testcase classname="tests.parsers.test_families" name="test_anchored_section_rejects_noise_stops_at_boundary_and_keeps_conflict" time="0.001" /><testcase classname="tests.parsers.test_families" name="test_anchored_section_does_not_join_anchor_and_records_across_documents" time="0.001" /><testcase classname="tests.parsers.test_priority_repairs" name="test_priority_regex_sites_parse_only_their_named_block[\u6025\u5982\u98ce\u706b-&lt;h1&gt;\u6025\u5982\u98ce\u706b&lt;/h1&gt;\n210\u671f\u3010\u7edd\u6740\u4e00\u8096\u3011\u3010\u9f20\u3011\u5f0000\u51c6-expected0]" time="0.001" /><testcase classname="tests.parsers.test_priority_repairs" name="test_priority_regex_sites_parse_only_their_named_block[\u548c\u98ce\u7ec6\u96e8-&lt;h1&gt;\u548c\u98ce\u7ec6\u96e8&lt;/h1&gt;\n210\u671f\u3010\u7edd\u6740\u4e00\u8096\u3011\u3010\u5154\u3011\u5f0000\u51c6-expected1]" time="0.001" /><testcase classname="tests.parsers.test_priority_repairs" name="test_priority_regex_sites_parse_only_their_named_block[\u897f\u95e8\u5e86\u6599-&lt;h1&gt;\u897f\u95e8\u5e86\u6599&lt;/h1&gt;\n209\u671f\u3010\u7edd\u6740\u4e00\u8096\u3011\u3010\u725b\u3011\n210\u671f\u3010\u7edd\u6740\u4e00\u8096\u3011\u3010\u864e\u3011-expected2]" time="0.001" /><testcase classname="tests.parsers.test_priority_repairs" name="test_priority_regex_sites_parse_only_their_named_block[\u67ab\u8f6c\u69b4\u83b2-&lt;h3&gt;\u67ab\u8f6c\u69b4\u83b2\uff08\u7edd\u6740.1.\u8096\uff09&lt;/h3&gt;\n210\u671f\u7edd\u67401.\u8096\u3010\u725b\u725b\u725b\u3011\u5f00\uff1f00\u221a-expected3]" time="0.001" /><testcase classname="tests.parsers.test_priority_repairs" name="test_demon_and_guangdong_require_matching_title_author_blocks" time="0.002" /><testcase classname="tests.parsers.test_priority_repairs" name="test_macau_jinshouzhi_uses_only_combined_kill_section_and_keeps_conflict" time="0.001" /><testcase classname="tests.parsers.test_priority_repairs" name="test_xiaoxiaowanzi_stops_before_other_column" time="0.001" /><testcase classname="tests.parsers.test_priority_repairs" name="test_niuniu_uses_alias_inside_structured_user_document" time="0.001" /><testcase classname="tests.parsers.test_priority_repairs" name="test_named_block_rejects_record_after_next_heading" time="0.001" /><testcase classname="tests.parsers.test_registry" name="test_all_375_sites_have_one_registered_parser_and_source_policy" time="0.012" /><testcase classname="tests.parsers.test_registry" name="test_registry_rejects_duplicate_ids_and_never_falls_back" time="0.002" /><testcase classname="tests.parsers.test_registry" name="test_registry_contains_no_url_dispatch_chain" time="0.001" /><testcase classname="tests.parsers.test_remaining_dedicated" name="test_macau_named_articles_require_title_author_alias_and_single_column[\u6fb3\u95e8\u767e\u6653\u751f-\u6fb3\u95e8\u767e\u6653\u751f-\u9a6c]" time="0.002" /><testcase classname="tests.parsers.test_remaining_dedicated" name="test_macau_named_articles_require_title_author_alias_and_single_column[\u6fb3\u95e8\u5f69\u5e93\u7f51-\u6fb3\u5f69\u5f69\u5e93\u7f51-\u864e]" time="0.002" /><testcase classname="tests.parsers.test_remaining_dedicated" name="test_kuangfeng_uses_cycle_ending_at_title_and_keeps_conflict" time="0.001" /><testcase classname="tests.parsers.test_remaining_dedicated" name="test_dynamic_user_dedicated_formats[\u798f\u7984\u5bff\u559c\u8d22-210\u671f \u6740 \u9f20 \u221a-expected0]" time="0.001" /><testcase classname="tests.parsers.test_remaining_dedicated" name="test_dynamic_user_dedicated_formats[\u5e78\u8fd0\u7279\u7801-210\u671f\uff1a\u6740 \u725b \u5f0000-expected1]" time="0.001" /><testcase classname="tests.parsers.test_remaining_dedicated" name="test_dynamic_user_dedicated_formats[\u8fde\u4e2d\u8c0e\u8a00-210 \u7edd\u6740\u4e00\u8096 \u864e-expected2]" time="0.001" /><testcase classname="tests.parsers.test_remaining_dedicated" name="test_dynamic_user_dedicated_formats[\u8bf7\u53eb\u6211\u83f2\u83f2-210 \u6740 \u5154-expected3]" time="0.001" /><testcase classname="tests.parsers.test_remaining_dedicated" name="test_dynamic_user_dedicated_formats[\u949f\u54e5\u554a-210\u671f \u6740\uff1a\u9f99-expected4]" time="0.001" /><testcase classname="tests.parsers.test_remaining_dedicated" name="test_dynamic_user_dedicated_formats[\u9752\u4e91\u5b50-\u8d44\u6599 \u6740 \u4e00\u8096\u300a\u4eca\u5e74\u9519 3\u300b\n\u7b2c210\u671f \u6740\u300a\u86c7\u300b-expected5]" time="0.001" /><testcase classname="tests.parsers.test_remaining_dedicated" name="test_40783e_articles_require_exact_title_author[\u98ce\u96e8\u6666\u51a5]" time="0.001" /><testcase classname="tests.parsers.test_remaining_dedicated" name="test_40783e_articles_require_exact_title_author[\u539a\u7984\u9ad8\u5b98]" time="0.001" /><testcase classname="tests.parsers.test_remaining_dedicated" name="test_xinzhu_forum_binds_period_tab_to_matching_content_id" time="0.001" /><testcase classname="tests.parsers.test_remaining_dedicated" name="test_migration_has_no_common_default_sites" time="0.001" /><testcase classname="tests.parsers.test_remaining_dedicated" name="test_migration_manifest_matches_sites_registry_and_actual_counts" time="0.002" /><testcase classname="tests.parsers.test_remaining_dedicated" name="test_all_v1_strict_article_sites_are_explicitly_bound" time="0.001" /><testcase classname="tests.parsers.test_remaining_dedicated" name="test_yichenburan_requires_exact_title_author_and_record_block[a]" time="0.001" /><testcase classname="tests.parsers.test_remaining_dedicated" name="test_yichenburan_requires_exact_title_author_and_record_block[c]" time="0.001" /><testcase classname="tests.parsers.test_remaining_dedicated" name="test_yichenburan_requires_exact_title_author_and_record_block[e]" time="0.001" /><testcase classname="tests.parsers.test_remaining_dedicated" name="test_yichenburan_stops_before_appended_future_cycle" time="0.001" /><testcase classname="tests.parsers.test_remaining_dedicated" name="test_fixed_macau_article_requires_exact_alias_title" time="0.001" /><testcase classname="tests.parsers.test_remaining_dedicated" name="test_aggregate_home_sections_are_explicitly_bound" time="0.001" /><testcase classname="tests.parsers.test_remaining_dedicated" name="test_hexiangu_and_caixianzhi_use_only_their_home_sections" time="0.001" /><testcase classname="tests.parsers.test_remaining_dedicated" name="test_zhunsha_yixiao_requires_published_article_block" time="0.001" /><testcase classname="tests.parsers.test_remaining_dedicated" name="test_v1_named_article_families_require_their_exact_blocks[\u5fd8\u5ddd\u4e4b\u7554-210\u671f\u3010\u7edd\u6740\u4e00\u8096\u3011\u5404\u663e\u795e\u901a\n\u5fd8\u5ddd\u4e4b\u7554 \u53d1\u8868\u4e8e 07\u670829\u65e5\n210\u671f\uff1a\u7edd\u6740\u4e00\u8096\u3010\u9f99\u3011\u5f0000\n209\u671f\uff1a\u7edd\u6740\u4e00\u8096\u3010\u9e21\u3011\u5f0039-expected0-\u5fd8\u5ddd\u4e4b\u7554 \u6765\u81ea 07\u670829\u65e5]" time="0.001" /><testcase classname="tests.parsers.test_remaining_dedicated" name="test_v1_named_article_families_require_their_exact_blocks[\u542c\u5929\u59d4\u547d-210\u671f\uff1a\u3010\u7cbe\u6740\u4e00\u8096\u3011\n\u4f5c\u8005\uff1a\u542c\u5929\u59d4\u547d\n209\u671f\u7cbe\u6740\u4e00\u8096\u3010\u9f99\u3011\u5f0039\n210\u671f\u7cbe\u6740\u4e00\u8096\u3010\u725b\u3011\u5f0000-expected1-\u4f5c\u8005\uff1a\u5176\u4ed6\u4eba]" time="0.001" /><testcase classname="tests.parsers.test_remaining_dedicated" name="test_v1_named_article_families_require_their_exact_blocks[\u7fa4\u9b54\u4e71\u821e-210\u671f\uff1a\u3010\u7edd\u6740\u4e00\u8096\u3011\n\u4f5c\u8005\uff1a\u7fa4\u9b54\u4e71\u821e\n209\u671f\uff1a\u7edd\u67401\u8096\u3010\u72d7\u3011\u5f0039\n210\u671f\uff1a\u7edd\u67401\u8096\u3010\u725b\u3011\u5f0000-expected2-\u4f5c\u8005\uff1a\u5176\u4ed6\u4eba]" time="0.001" /><testcase classname="tests.parsers.test_remaining_dedicated" name="test_v1_named_article_families_require_their_exact_blocks[\u897f\u4e1c\u5b57\u5b99-210\u671f\u3016\u897f\u4e1c\u5b57\u5b99\u3017\u3010\u7edd\u6740\u4e00\u8096\u3011\n\u897f\u4e1c\u5b57\u5b99 \u53d1\u8868\u4e8e 07\u670829\u65e5\n209\u671f:@\u7edd\u6740\u4e00\u8096\u2021\u3010\u725b\u3011\u5f0039\n210\u671f:@\u7edd\u6740\u4e00\u8096\u2021\u3010\u9e21\u3011\u5f0000-expected3-\u897f\u4e1c\u5b57\u5b99 \u6765\u81ea 07\u670829\u65e5]" time="0.001" /><testcase classname="tests.parsers.test_remaining_dedicated" name="test_v1_named_article_families_require_their_exact_blocks[\u9ec4\u5927\u4ed9-210\u671f\uff1a\u9ec4\u5927\u4ed9\u3010\u7edd\u6740\u4e00\u8096\u3011\u7a33\u8d5a\u4e0d\u8d54\n209\u671f\uff1a\u7edd\u6740\u4e00\u8096\u3010\u9a6c\u8096\u3011\u5f0039\n210\u671f\uff1a\u7edd\u6740\u4e00\u8096\u3010\u86c7\u8096\u3011\u5f0000-expected4-None]" time="0.001" /><testcase classname="tests.parsers.test_remaining_dedicated" name="test_v1_named_article_families_require_their_exact_blocks[\u5929\u5929\u53d1\u8d22-210\u671f\uff1a\u3010\u7edd\u6740\u4e00\u8096\u3011\n\u4f5c\u8005\uff1a\u5929\u5929\u53d1\u8d22\n210\u671f\u3010\u7edd\u6740\u4e00\u8096\u3011\u3010\u72d7\u3011\u5f0000\n209\u671f\u3010\u7edd\u6740\u4e00\u8096\u3011\u3010\u864e\u3011\u5f0039-expected5-\u4f5c\u8005\uff1a\u5176\u4ed6\u4eba]" time="0.001" /><testcase classname="tests.parsers.test_remaining_dedicated" name="test_v1_named_article_families_require_their_exact_blocks[\u53d1\u8d22\u4e4b\u9053-210\u671f\uff1a\u7edd\u6740\u9ad8\u624b\u3010\u7cbe\u6740\u4e00\u8096\u3011\u53d1\u8d22\u4e4b\u9053\n\u7edd\u6740\u9ad8\u624b \u53d1\u8868\u4e8e 07\u670829\u65e5\n209\u671f\u3010\u7cbe\u6740\u4e00\u8096\u3011\u300a\u732a\u300b\u5f0039\n210\u671f\u3010\u7cbe\u6740\u4e00\u8096\u3011\u300a\u7334\u300b\u5f0000-expected6-\u7edd\u6740\u9ad8\u624b \u6765\u81ea 07\u670829\u65e5]" time="0.001" /><testcase classname="tests.parsers.test_remaining_dedicated" name="test_v1_named_article_families_require_their_exact_blocks[\u7cbe\u6740\u4e00\u8096-210\u671f\uff1a\u3010\u7cbe\u6740\u4e00\u8096\u3011\n\u4f5c\u8005\uff1a\u8273\u7edd\u5343\u79cb\n210\u671f\u7cbe\u6740\u4e00\u8096\u3010\u725b\u3011\u5f0000\n209\u671f\u7cbe\u6740\u4e00\u8096\u3010\u7f8a\u3011\u5f0039-expected7-\u4f5c\u8005\uff1a\u5176\u4ed6\u4eba]" time="0.001" /><testcase classname="tests.parsers.test_remaining_dedicated" name="test_v1_named_article_families_require_their_exact_blocks[\u884c\u8d70\u5929\u4e0b-210\u671f\uff1a\u3010\u7edd\u6740\u4e00\u8096\u3011\n\u4f5c\u8005\uff1a\u884c\u8d70\u5929\u4e0b\n210\u671f\u3010\u6740\u4e00\u8096\u3011\u3010\u7334\u3011\u5f0000\n209\u671f\u3010\u6740\u4e00\u8096\u3011\u3010\u9e21\u3011\u5f0039-expected8-\u4f5c\u8005\uff1a\u5176\u4ed6\u4eba]" time="0.001" /><testcase classname="tests.parsers.test_remaining_dedicated" name="test_v1_named_article_families_require_their_exact_blocks[\u95e8\u5ead\u82e5\u5e02-210\u671f\uff1a\u3010\u94c1\u6740\u4e00\u8096\u3011\u7a33\u8d62\u7b56\u7565\n\u95e8\u5ead\u82e5\u5e02 \u53d1\u8868\u4e8e 07\u670829\u65e5\n209\u671f\u3010\u94c1\u6740\u4e00\u8096\u3011\u4e00\u3010\u725b\u3011\u5f0039\n210\u671f\u3010\u94c1\u6740\u4e00\u8096\u3011\u4e00\u3010\u5154\u3011\u5f0000-expected9-\u95e8\u5ead\u82e5\u5e02 \u6765\u81ea 07\u670829\u65e5]" time="0.001" /><testcase classname="tests.parsers.test_remaining_dedicated" name="test_all_v1_url_dedicated_branches_leave_common_parser" time="0.001" /><testcase classname="tests.parsers.test_remaining_dedicated" name="test_jinhutang_table_requires_exact_table_headers" time="0.001" /><testcase classname="tests.parsers.test_remaining_dedicated" name="test_sanguai_binds_period_heading_to_exact_section_line" time="0.001" /><testcase classname="tests.parsers.test_remaining_dedicated" name="test_named_home_constant_branches_are_explicitly_bound" time="0.001" /><testcase classname="tests.parsers.test_remaining_dedicated" name="test_tiankong_combines_only_lines_inside_shujinguang_section" time="0.001" /><testcase classname="tests.services.test_commit" name="test_commit_is_the_single_write_boundary_for_cache_and_outputs" time="0.006" /><testcase classname="tests.services.test_commit" name="test_readonly_or_multi_period_cannot_commit_any_file" time="0.002" /><testcase classname="tests.services.test_multi_period" name="test_multi_period_calls_single_logic_but_never_grants_cache_write_mode" time="0.001" /><testcase classname="tests.services.test_onboarding" name="test_name_or_url_collision_rejects_before_network" time="0.001" /><testcase classname="tests.services.test_onboarding" name="test_ten_period_sequence_is_compared_only_with_recent_cache_and_duplicate_is_rejected" time="0.002" /><testcase classname="tests.services.test_onboarding" name="test_unique_ten_period_site_passes_without_writing_configuration" time="0.002" /><testcase classname="tests.services.test_repair" name="test_failure_file_selection_is_identity_bound_and_repair_has_eight_readonly_stages" time="0.001" /><testcase classname="tests.services.test_scrape" name="test_scrape_success_is_writable_only_in_formal_single_mode" time="0.001" /><testcase classname="tests.services.test_scrape" name="test_dedicated_parser_empty_result_fails_without_parser_fallback" time="0.001" /><testcase classname="tests.services.test_scrape" name="test_http_then_browser_upgrades_source_but_reuses_same_bound_parser" time="0.001" /><testcase classname="tests.services.test_scrape" name="test_http_then_browser_also_upgrades_after_http_transport_failure" time="0.001" /><testcase classname="tests.services.test_scrape" name="test_source_failures_are_structured_and_keep_real_reason" time="0.001" /><testcase classname="tests.services.test_scrape" name="test_api_browser_unknown_policy_and_parser_exception_paths_are_structured" time="0.001" /><testcase classname="tests.services.test_scrape" name="test_validation_and_boundary_failures_and_batch_scrape_keep_exact_codes" time="0.001" /><testcase classname="tests.services.test_scrape" name="test_cache_record_conversion_rejects_failure_or_missing_document" time="0.001" /><testcase classname="tests.services.test_scrape" name="test_commit_rolls_back_outputs_when_cache_replace_fails" time="0.005" /><testcase classname="tests.source.test_api" name="test_api_success_does_not_fetch_page" time="0.001" /><testcase classname="tests.source.test_api" name="test_only_api_404_falls_back_to_page" time="0.001" /><testcase classname="tests.source.test_api" name="test_api_500_never_falls_back_to_page" time="0.001" /><testcase classname="tests.source.test_api" name="test_api_article_identity_must_match_page_before_network" time="0.001" /><testcase classname="tests.source.test_browser" name="test_browser_documents_keeps_page_and_only_matching_structured_responses" time="0.001" /><testcase classname="tests.source.test_browser" name="test_browser_documents_rejects_final_user_identity_change" time="0.001" /><testcase classname="tests.source.test_browser" name="test_browser_documents_enforces_rendered_size_limit" time="0.001" /><testcase classname="tests.source.test_browser" name="test_browser_documents_without_page_id_accepts_same_origin_json" time="0.001" /><testcase classname="tests.source.test_browser" name="test_browser_documents_wraps_plain_renderer_error" time="0.001" /><testcase classname="tests.source.test_browser" name="test_playwright_renderer_captures_json_without_real_browser" time="0.001" /><testcase classname="tests.source.test_documents" name="test_source_identity_extracts_real_url_shapes" time="0.001" /><testcase classname="tests.source.test_documents" name="test_validate_final_url_requires_same_origin_and_identity" time="0.001" /><testcase classname="tests.source.test_documents" name="test_validate_final_url_rejects_user_and_article_boundary_changes" time="0.001" /><testcase classname="tests.source.test_documents" name="test_validate_related_url_can_require_page_article_identity" time="0.001" /><testcase classname="tests.source.test_documents" name="test_discover_embedded_documents_preserves_order_and_filters_boundaries" time="0.001" /><testcase classname="tests.source.test_documents" name="test_structured_body_matches_user_or_article_identity_without_reading_zodiac" time="0.001" /><testcase classname="tests.source.test_documents" name="test_collect_embedded_documents_fetches_in_page_order" time="0.001" /><testcase classname="tests.source.test_documents" name="test_collect_embedded_documents_rejects_cross_origin_result" time="0.001" /><testcase classname="tests.source.test_http" name="test_fetch_http_document_preserves_raw_text_and_source_identity" time="0.001" /><testcase classname="tests.source.test_http" name="test_fetch_http_document_decodes_gzip_and_json_content_type" time="0.001" /><testcase classname="tests.source.test_http" name="test_fetch_http_document_rejects_non_success_status[301]" time="0.001" /><testcase classname="tests.source.test_http" name="test_fetch_http_document_rejects_non_success_status[404]" time="0.001" /><testcase classname="tests.source.test_http" name="test_fetch_http_document_rejects_non_success_status[500]" time="0.001" /><testcase classname="tests.source.test_http" name="test_fetch_http_document_rejects_redirected_identity" time="0.001" /><testcase classname="tests.source.test_http" name="test_fetch_http_document_enforces_decoded_size_limit" time="0.001" /><testcase classname="tests.source.test_http" name="test_urllib_transport_reads_response_and_enforces_wire_limit" time="0.001" /><testcase classname="tests.source.test_http" name="test_urllib_transport_returns_http_error_and_wraps_network_error" time="0.001" /><testcase classname="tests.source.test_http" name="test_fetch_http_document_reports_decode_errors[headers0-raw]" time="0.001" /><testcase classname="tests.source.test_http" name="test_fetch_http_document_reports_decode_errors[headers1-not-gzip]" time="0.001" /><testcase classname="tests.source.test_http" name="test_fetch_http_document_reports_decode_errors[headers2-raw]" time="0.001" /><testcase classname="tests.test_config" name="test_load_sites_normalizes_legacy_direction_and_missing_section" time="0.002" /><testcase classname="tests.test_config" name="test_load_sites_rejects_invalid_config[changes0-\u672a\u77e5\u5b57\u6bb5]" time="0.002" /><testcase classname="tests.test_config" name="test_load_sites_rejects_invalid_config[changes1-\u65b9\u5411]" time="0.002" /><testcase classname="tests.test_config" name="test_load_sites_rejects_invalid_config[changes2-parser_id]" time="0.002" /><testcase classname="tests.test_config" name="test_load_sites_rejects_invalid_config[changes3-source_policy]" time="0.002" /><testcase classname="tests.test_config" name="test_load_sites_rejects_invalid_config[changes4-\u672a\u77e5\u89e3\u6790\u5668]" time="0.002" /><testcase classname="tests.test_config" name="test_load_sites_rejects_invalid_config[changes5-\u672a\u77e5\u53d6\u6e90\u7b56\u7565]" time="0.002" /><testcase classname="tests.test_config" name="test_load_sites_rejects_invalid_config[changes6-URL]" time="0.002" /><testcase classname="tests.test_config" name="test_load_sites_rejects_invalid_config[changes7-api_url]" time="0.002" /><testcase classname="tests.test_config" name="test_load_sites_rejects_missing_required_fields" time="0.003" /><testcase classname="tests.test_config" name="test_load_sites_rejects_duplicate_name_and_identity" time="0.003" /><testcase classname="tests.test_config" name="test_load_sites_rejects_conflicting_pick_and_direction" time="0.002" /><testcase classname="tests.test_config" name="test_load_sites_rejects_invalid_optional_fields[changes0-section]" time="0.002" /><testcase classname="tests.test_config" name="test_load_sites_rejects_invalid_optional_fields[changes1-api_url]" time="0.002" /><testcase classname="tests.test_config" name="test_load_sites_requires_nonempty_array[root0]" time="0.002" /><testcase classname="tests.test_config" name="test_load_sites_requires_nonempty_array[not-an-array]" time="0.002" /><testcase classname="tests.test_config" name="test_load_sites_requires_nonempty_array[root2]" time="0.002" /><testcase classname="tests.test_config" name="test_load_sites_rejects_non_object_item" time="0.002" /><testcase classname="tests.test_config" name="test_load_sites_reports_missing_or_malformed_json" time="0.002" /><testcase classname="tests.test_contracts" name="test_contracts_are_frozen_and_nested_collections_are_tuples" time="0.001" /><testcase classname="tests.test_contracts" name="test_candidate_rejects_non_single_zodiac[]" time="0.001" /><testcase classname="tests.test_contracts" name="test_candidate_rejects_non_single_zodiac[\u732b]" time="0.001" /><testcase classname="tests.test_contracts" name="test_candidate_rejects_non_single_zodiac[\u9f20\u725b]" time="0.001" /><testcase classname="tests.test_contracts" name="test_validation_decision_requires_exactly_one_success_or_failure" time="0.001" /><testcase classname="tests.test_contracts" name="test_scrape_result_only_allows_writes_for_matching_success" time="0.001" /><testcase classname="tests.test_contracts" name="test_source_bundle_rejects_non_string_diagnostics" time="0.001" /><testcase classname="tests.test_contracts" name="test_cache_record_requires_source_proof_and_valid_zodiac" time="0.001" /><testcase classname="tests.test_import_boundaries" name="test_contracts_has_no_v2_business_dependencies" time="0.006" /><testcase classname="tests.test_import_boundaries" name="test_config_only_depends_on_contracts_inside_v2" time="0.004" /><testcase classname="tests.test_import_boundaries" name="test_skeleton_contains_expected_packages" time="0.001" /><testcase classname="tests.test_import_boundaries" name="test_current_v2_import_graph_is_acyclic" time="0.073" /><testcase classname="tests.test_import_boundaries" name="test_source_layer_does_not_import_parsers_validation_cache_or_output" time="0.011" /><testcase classname="tests.test_import_boundaries" name="test_validation_layer_does_not_import_source_parsers_cache_output_or_services" time="0.004" /><testcase classname="tests.test_import_boundaries" name="test_storage_and_duplicate_layers_do_not_import_network_parsers_or_services" time="0.010" /><testcase classname="tests.test_import_boundaries" name="test_cli_is_the_only_layer_above_services" time="0.008" /><testcase classname="tests.test_v1_intent_inventory" name="test_all_386_v1_deterministic_test_intents_have_a_v2_test_area" time="0.011" /><testcase classname="tests.test_v1_intent_inventory" name="test_all_375_config_entries_and_every_registered_parser_are_covered_by_migration_manifest" time="0.001" /><testcase classname="tests.validation.test_conflicts" name="test_top_bottom_and_left_select_only_authorized_direction_positions" time="0.001" /><testcase classname="tests.validation.test_conflicts" name="test_target_outside_strict_five_window_fails_and_reports_actual_window" time="0.001" /><testcase classname="tests.validation.test_conflicts" name="test_same_period_conflict_fails_but_identical_duplicates_are_safe" time="0.001" /><testcase classname="tests.validation.test_conflicts" name="test_only_highest_priority_documents_participate_in_validation" time="0.001" /><testcase classname="tests.validation.test_conflicts" name="test_empty_missing_target_and_invalid_evidence_return_structured_failures" time="0.001" /><testcase classname="tests.validation.test_conflicts" name="test_left_never_reports_top_bottom_five_candidate_window_failure" time="0.004" /><testcase classname="tests.validation.test_direction" name="test_direction_keeps_all_up_to_30_unique_candidates" time="0.001" /><testcase classname="tests.validation.test_direction" name="test_direction_limits_more_than_30_candidates_to_direction_end_five" time="0.001" /><testcase classname="tests.validation.test_direction" name="test_same_period_forces_five_candidate_window_but_left_stays_unbounded" time="0.001" /><testcase classname="tests.validation.test_evidence" name="test_evidence_accepts_unique_document_block_period_and_zodiac_trace" time="0.001" /><testcase classname="tests.validation.test_evidence" name="test_evidence_rejects_missing_or_ambiguous_document_identity" time="0.001" /><testcase classname="tests.validation.test_evidence" name="test_evidence_rejects_page_order_raw_field_and_anchor_boundary_mismatch" time="0.001" /><testcase classname="tests.validation.test_evidence" name="test_evidence_accepts_bounded_dynamic_period_without_period_marker" time="0.001" /></testsuite></testsuites>